<?xml version="1.0" encoding="UTF-8"?>
<!-- Generated by org.testng.reporters.JUnitXMLReporter -->
<testsuite hostname="PHI-2B2DGL3" failures="1" tests="2" name="OpenCartTest" time="8.845" errors="0" timestamp="8 Feb 2023 07:04:29 GMT">
  <testcase classname="suite1.OpenCartTests" name="launchSite" time="4.372"/>
  <testcase classname="suite1.OpenCartTests" name="searchForProduct" time="0.639">
    <failure type="java.lang.NullPointerException" message="Cannot invoke &amp;quot;String.equalsIgnoreCase(String)&amp;quot; because &amp;quot;this.browser&amp;quot; is null">
      <![CDATA[java.lang.NullPointerException: Cannot invoke "String.equalsIgnoreCase(String)" because "this.browser" is null
	at suite1.OpenCartTests.searchForProduct(OpenCartTests.java:49)
	at java.base/java.util.concurrent.FutureTask.run(FutureTask.java:264)
	at java.base/java.util.concurrent.ThreadPoolExecutor.runWorker(ThreadPoolExecutor.java:1136)
	at java.base/java.util.concurrent.ThreadPoolExecutor$Worker.run(ThreadPoolExecutor.java:635)
	at java.base/java.lang.Thread.run(Thread.java:833)
... Removed 14 stack frames]]>
    </failure>
  </testcase> <!-- searchForProduct -->
</testsuite> <!-- OpenCartTest -->
