<?xml version="1.0" encoding="UTF-8"?>
<testng-results total="1" passed="1" failed="0" skipped="0">
  <reporter-output>
  </reporter-output>
  <suite started-at="2023-02-08T07:16:33Z" name="Default suite" finished-at="2023-02-08T07:16:37Z" duration-ms="3822">
    <groups>
    </groups>
    <test started-at="2023-02-08T07:16:33Z" name="Default test" finished-at="2023-02-08T07:16:37Z" duration-ms="3822">
      <class name="suite2.SauceDemoTests">
        <test-method is-config="true" signature="beforeTest()[pri:0, instance:suite2.SauceDemoTests@712625fd]" started-at="2023-02-08T15:16:33Z" name="beforeTest" finished-at="2023-02-08T15:16:34Z" duration-ms="1020" status="PASS">
          <reporter-output>
          </reporter-output>
        </test-method> <!-- beforeTest -->
        <test-method signature="login()[pri:1, instance:suite2.SauceDemoTests@712625fd]" started-at="2023-02-08T15:16:34Z" name="login" finished-at="2023-02-08T15:16:37Z" duration-ms="2794" status="PASS">
          <reporter-output>
          </reporter-output>
        </test-method> <!-- login -->
        <test-method is-config="true" signature="afterTest()[pri:0, instance:suite2.SauceDemoTests@712625fd]" started-at="2023-02-08T15:16:37Z" name="afterTest" finished-at="2023-02-08T15:16:37Z" duration-ms="0" status="PASS">
          <reporter-output>
          </reporter-output>
        </test-method> <!-- afterTest -->
      </class> <!-- suite2.SauceDemoTests -->
    </test> <!-- Default test -->
  </suite> <!-- Default suite -->
</testng-results>
